This is pdfTeX, Version 3.14159265-2.6-1.40.21 (MiKTeX 20.6.29) (preloaded format=pdflatex 2020.7.21)  13 FEB 2021 16:14
entering extended mode
**./chap1-2.tex
(chap1-2.tex
LaTeX2e <2020-02-02> patch level 5
L3 programming layer <2020-07-17>
("C:\Program Files\MiKTeX 2.9\tex/latex/base\book.cls"
Document Class: book 2019/12/20 v1.4l Standard LaTeX document class
("C:\Program Files\MiKTeX 2.9\tex/latex/base\bk10.clo"
File: bk10.clo 2019/12/20 v1.4l Standard LaTeX file (size option)
)
\c@part=\count168
\c@chapter=\count169
\c@section=\count170
\c@subsection=\count171
\c@subsubsection=\count172
\c@paragraph=\count173
\c@subparagraph=\count174
\c@figure=\count175
\c@table=\count176
\abovecaptionskip=\skip47
\belowcaptionskip=\skip48
\bibindent=\dimen134
)
("C:\Program Files\MiKTeX 2.9\tex/latex/listings\listings.sty"
("C:\Program Files\MiKTeX 2.9\tex/latex/graphics\keyval.sty"
Package: keyval 2014/10/28 v1.15 key=value parser (DPC)
\KV@toks@=\toks15
)
\lst@mode=\count177
\lst@gtempboxa=\box45
\lst@token=\toks16
\lst@length=\count178
\lst@currlwidth=\dimen135
\lst@column=\count179
\lst@pos=\count180
\lst@lostspace=\dimen136
\lst@width=\dimen137
\lst@newlines=\count181
\lst@lineno=\count182
\lst@maxwidth=\dimen138

("C:\Program Files\MiKTeX 2.9\tex/latex/listings\lstmisc.sty"
File: lstmisc.sty 2020/03/24 1.8d (Carsten Heinz)
\c@lstnumber=\count183
\lst@skipnumbers=\count184
\lst@framebox=\box46
)
("C:\Program Files\MiKTeX 2.9\tex/latex/listings\listings.cfg"
File: listings.cfg 2020/03/24 1.8d listings configuration
))
Package: listings 2020/03/24 1.8d (Carsten Heinz)

("C:\Program Files\MiKTeX 2.9\tex/latex/minted\minted.sty"
Package: minted 2017/07/19 v2.5 Yet another Pygments shim for LaTeX

("C:\Program Files\MiKTeX 2.9\tex/latex/kvoptions\kvoptions.sty"
Package: kvoptions 2019/11/29 v3.13 Key value format for package options (HO)

("C:\Program Files\MiKTeX 2.9\tex/generic/ltxcmds\ltxcmds.sty"
Package: ltxcmds 2019/12/15 v1.24 LaTeX kernel commands for general use (HO)
)
("C:\Program Files\MiKTeX 2.9\tex/generic/kvsetkeys\kvsetkeys.sty"
Package: kvsetkeys 2019/12/15 v1.18 Key value parser (HO)
))
("C:\Program Files\MiKTeX 2.9\tex/latex/fvextra\fvextra.sty"
Package: fvextra 2019/02/04 v1.4 fvextra - extensions and patches for fancyvrb

("C:\Program Files\MiKTeX 2.9\tex/latex/base\ifthen.sty"
Package: ifthen 2014/09/29 v1.1c Standard LaTeX ifthen package (DPC)
)
("C:\Program Files\MiKTeX 2.9\tex/latex/etoolbox\etoolbox.sty"
Package: etoolbox 2020/07/15 v2.5i e-TeX tools for LaTeX (JAW)
\etb@tempcnta=\count185
)
("C:\Program Files\MiKTeX 2.9\tex/latex/fancyvrb\fancyvrb.sty"
Package: fancyvrb 2020/05/03 v3.6 verbatim text (tvz,hv)
\FV@CodeLineNo=\count186
\FV@InFile=\read2
\FV@TabBox=\box47
\c@FancyVerbLine=\count187
\FV@StepNumber=\count188
\FV@OutFile=\write3
)
("C:\Program Files\MiKTeX 2.9\tex/latex/upquote\upquote.sty"
Package: upquote 2012/04/19 v1.3 upright-quote and grave-accent glyphs in verba
tim
)
("C:\Program Files\MiKTeX 2.9\tex/latex/lineno\lineno.sty"
Package: lineno 2005/11/02 line numbers on paragraphs v4.41
\linenopenalty=\count189
\output=\toks17
\linenoprevgraf=\count190
\linenumbersep=\dimen139
\linenumberwidth=\dimen140
\c@linenumber=\count191
\c@pagewiselinenumber=\count192
\c@LN@truepage=\count193
\c@internallinenumber=\count194
\c@internallinenumbers=\count195
\quotelinenumbersep=\dimen141
\bframerule=\dimen142
\bframesep=\dimen143
\bframebox=\box48
LaTeX Info: Redefining \\ on input line 3056.
)
\c@FV@TrueTabGroupLevel=\count196
\c@FV@TrueTabCounter=\count197
\FV@TabBox@Group=\box49
\FV@TmpLength=\skip49
\c@FV@HighlightLinesStart=\count198
\c@FV@HighlightLinesStop=\count199
\FV@LoopCount=\count266
\FV@NCharsBox=\box50
\FV@BreakIndent=\dimen144
\FV@BreakIndentNChars=\count267
\FV@BreakSymbolSepLeft=\dimen145
\FV@BreakSymbolSepLeftNChars=\count268
\FV@BreakSymbolSepRight=\dimen146
\FV@BreakSymbolSepRightNChars=\count269
\FV@BreakSymbolIndentLeft=\dimen147
\FV@BreakSymbolIndentLeftNChars=\count270
\FV@BreakSymbolIndentRight=\dimen148
\FV@BreakSymbolIndentRightNChars=\count271
\c@FancyVerbLineBreakLast=\count272
\FV@LineBox=\box51
\FV@LineIndentBox=\box52
\FV@LineWidth=\dimen149
)
("C:\Program Files\MiKTeX 2.9\tex/latex/tools\calc.sty"
Package: calc 2017/05/25 v4.3 Infix arithmetic (KKT,FJ)
\calc@Acount=\count273
\calc@Bcount=\count274
\calc@Adimen=\dimen150
\calc@Bdimen=\dimen151
\calc@Askip=\skip50
\calc@Bskip=\skip51
LaTeX Info: Redefining \setlength on input line 80.
LaTeX Info: Redefining \addtolength on input line 81.
\calc@Ccount=\count275
\calc@Cskip=\skip52
)
("C:\Program Files\MiKTeX 2.9\tex/latex/tools\shellesc.sty"
Package: shellesc 2019/11/08 v1.0c unified shell escape interface for LaTeX
Package shellesc Info: Unrestricted shell escape enabled on input line 75.
)
("C:\Program Files\MiKTeX 2.9\tex/latex/ifplatform\ifplatform.sty"
Package: ifplatform 2017/10/13 v0.4a Testing for the operating system

("C:\Program Files\MiKTeX 2.9\tex/generic/pdftexcmds\pdftexcmds.sty"
Package: pdftexcmds 2020-06-27 v0.33 Utility functions of pdfTeX for LuaTeX (HO
)

("C:\Program Files\MiKTeX 2.9\tex/generic/infwarerr\infwarerr.sty"
Package: infwarerr 2019/12/03 v1.5 Providing info/warning/error messages (HO)
)
("C:\Program Files\MiKTeX 2.9\tex/generic/iftex\iftex.sty"
Package: iftex 2020/03/06 v1.0d TeX engine tests
)
Package pdftexcmds Info: \pdf@primitive is available.
Package pdftexcmds Info: \pdf@ifprimitive is available.
Package pdftexcmds Info: \pdfdraftmode found.
)
("C:\Program Files\MiKTeX 2.9\tex/generic/catchfile\catchfile.sty"
Package: catchfile 2019/12/09 v1.8 Catch the contents of a file (HO)

("C:\Program Files\MiKTeX 2.9\tex/generic/etexcmds\etexcmds.sty"
Package: etexcmds 2019/12/15 v1.7 Avoid name clashes with e-TeX commands (HO)
))
("C:\Program Files\MiKTeX 2.9\tex/generic/iftex\ifluatex.sty"
Package: ifluatex 2019/10/25 v1.5 ifluatex legacy package. Use iftex instead.
))
("C:\Program Files\MiKTeX 2.9\tex/latex/xstring\xstring.sty"
("C:\Program Files\MiKTeX 2.9\tex/generic/xstring\xstring.tex"
\integerpart=\count276
\decimalpart=\count277
)
Package: xstring 2019/02/06 v1.83 String manipulations (CT)
)
("C:\Program Files\MiKTeX 2.9\tex/latex/framed\framed.sty"
Package: framed 2011/10/22 v 0.96: framed or shaded text with page breaks
\OuterFrameSep=\skip53
\fb@frw=\dimen152
\fb@frh=\dimen153
\FrameRule=\dimen154
\FrameSep=\dimen155
)
("C:\Program Files\MiKTeX 2.9\tex/latex/float\float.sty"
Package: float 2001/11/08 v1.3d Float enhancements (AL)
\c@float@type=\count278
\float@exts=\toks18
\float@box=\box53
\@float@everytoks=\toks19
\@floatcapt=\box54
)
\minted@appexistsfile=\read3
\minted@bgbox=\box55
\minted@code=\write4
\c@minted@FancyVerbLineTemp=\count279
\c@minted@pygmentizecounter=\count280
\@float@every@listing=\toks20
\c@listing=\count281
)
("C:\Program Files\MiKTeX 2.9\tex/latex/graphics\graphicx.sty"
Package: graphicx 2019/11/30 v1.2a Enhanced LaTeX Graphics (DPC,SPQR)

("C:\Program Files\MiKTeX 2.9\tex/latex/graphics\graphics.sty"
Package: graphics 2019/11/30 v1.4a Standard LaTeX Graphics (DPC,SPQR)

("C:\Program Files\MiKTeX 2.9\tex/latex/graphics\trig.sty"
Package: trig 2016/01/03 v1.10 sin cos tan (DPC)
)
("C:\Program Files\MiKTeX 2.9\tex/latex/graphics-cfg\graphics.cfg"
File: graphics.cfg 2016/06/04 v1.11 sample graphics configuration
)
Package graphics Info: Driver file: pdftex.def on input line 105.

("C:\Program Files\MiKTeX 2.9\tex/latex/graphics-def\pdftex.def"
File: pdftex.def 2018/01/08 v1.0l Graphics/color driver for pdftex
))
\Gin@req@height=\dimen156
\Gin@req@width=\dimen157
)
("C:\Program Files\MiKTeX 2.9\tex/latex/parskip\parskip.sty"
Package: parskip 2020-06-15 v2.0f non-zero parskip adjustments
)
("C:\Program Files\MiKTeX 2.9\tex/latex/amsmath\amsmath.sty"
Package: amsmath 2020/01/20 v2.17e AMS math features
\@mathmargin=\skip54

For additional information on amsmath, use the `?' option.
("C:\Program Files\MiKTeX 2.9\tex/latex/amsmath\amstext.sty"
Package: amstext 2000/06/29 v2.01 AMS text

("C:\Program Files\MiKTeX 2.9\tex/latex/amsmath\amsgen.sty"
File: amsgen.sty 1999/11/30 v2.0 generic functions
\@emptytoks=\toks21
\ex@=\dimen158
))
("C:\Program Files\MiKTeX 2.9\tex/latex/amsmath\amsbsy.sty"
Package: amsbsy 1999/11/29 v1.2d Bold Symbols
\pmbraise@=\dimen159
)
("C:\Program Files\MiKTeX 2.9\tex/latex/amsmath\amsopn.sty"
Package: amsopn 2016/03/08 v2.02 operator names
)
\inf@bad=\count282
LaTeX Info: Redefining \frac on input line 227.
\uproot@=\count283
\leftroot@=\count284
LaTeX Info: Redefining \overline on input line 389.
\classnum@=\count285
\DOTSCASE@=\count286
LaTeX Info: Redefining \ldots on input line 486.
LaTeX Info: Redefining \dots on input line 489.
LaTeX Info: Redefining \cdots on input line 610.
\Mathstrutbox@=\box56
\strutbox@=\box57
\big@size=\dimen160
LaTeX Font Info:    Redeclaring font encoding OML on input line 733.
LaTeX Font Info:    Redeclaring font encoding OMS on input line 734.
\macc@depth=\count287
\c@MaxMatrixCols=\count288
\dotsspace@=\muskip16
\c@parentequation=\count289
\dspbrk@lvl=\count290
\tag@help=\toks22
\row@=\count291
\column@=\count292
\maxfields@=\count293
\andhelp@=\toks23
\eqnshift@=\dimen161
\alignsep@=\dimen162
\tagshift@=\dimen163
\tagwidth@=\dimen164
\totwidth@=\dimen165
\lineht@=\dimen166
\@envbody=\toks24
\multlinegap=\skip55
\multlinetaggap=\skip56
\mathdisplay@stack=\toks25
LaTeX Info: Redefining \[ on input line 2859.
LaTeX Info: Redefining \] on input line 2860.
)
("C:\Program Files\MiKTeX 2.9\tex/latex/geometry\geometry.sty"
Package: geometry 2020/01/02 v5.9 Page Geometry

("C:\Program Files\MiKTeX 2.9\tex/generic/iftex\ifvtex.sty"
Package: ifvtex 2019/10/25 v1.7 ifvtex legacy package. Use iftex instead.
)
\Gm@cnth=\count294
\Gm@cntv=\count295
\c@Gm@tempcnt=\count296
\Gm@bindingoffset=\dimen167
\Gm@wd@mp=\dimen168
\Gm@odd@mp=\dimen169
\Gm@even@mp=\dimen170
\Gm@layoutwidth=\dimen171
\Gm@layoutheight=\dimen172
\Gm@layouthoffset=\dimen173
\Gm@layoutvoffset=\dimen174
\Gm@dimlist=\toks26

("C:\Program Files\MiKTeX 2.9\tex/latex/geometry\geometry.cfg"))
("C:\Program Files\MiKTeX 2.9\tex/latex/base\inputenc.sty"
Package: inputenc 2018/08/11 v1.3c Input encoding file
\inpenc@prehook=\toks27
\inpenc@posthook=\toks28
)
("C:\Program Files\MiKTeX 2.9\tex/latex/siunitx\siunitx.sty"
("C:\Program Files\MiKTeX 2.9\tex/latex/l3kernel\expl3.sty"
Package: expl3 2020-07-17 L3 programming layer (loader) 

("C:\Program Files\MiKTeX 2.9\tex/latex/l3backend\l3backend-pdfmode.def"
File: l3backend-pdfmode.def 2020-06-29 L3 backend support: PDF mode
\l__kernel_color_stack_int=\count297
\l__pdf_internal_box=\box58
))
("C:\Program Files\MiKTeX 2.9\tex/latex/l3packages/xparse\xparse.sty"
Package: xparse 2020-05-15 L3 Experimental document command parser

("C:\Program Files\MiKTeX 2.9\tex/latex/l3packages/xparse\xparse-generic.tex"
\l__xparse_current_arg_int=\count298
\g__xparse_grabber_int=\count299
\l__xparse_m_args_int=\count300
\l__xparse_v_nesting_int=\count301
))
Package: siunitx 2020/02/25 v2.8b A comprehensive (SI) units package
("C:\Program Files\MiKTeX 2.9\tex/latex/tools\array.sty"
Package: array 2019/08/31 v2.4l Tabular extension package (FMi)
\col@sep=\dimen175
\ar@mcellbox=\box59
\extrarowheight=\dimen176
\NC@list=\toks29
\extratabsurround=\skip57
\backup@length=\skip58
\ar@cellbox=\box60
)
("C:\Program Files\MiKTeX 2.9\tex/latex/l3packages/l3keys2e\l3keys2e.sty"
Package: l3keys2e 2020-05-15 LaTeX2e option processing using LaTeX3 keys
)
\l__siunitx_tmp_box=\box61
\l__siunitx_tmp_dim=\dimen177
\l__siunitx_tmp_int=\count302
\l__siunitx_number_mantissa_length_int=\count303
\l__siunitx_number_uncert_length_int=\count304
\l__siunitx_round_int=\count305
\l__siunitx_process_decimal_int=\count306
\l__siunitx_process_uncertainty_int=\count307
\l__siunitx_process_fixed_int=\count308
\l__siunitx_process_integer_min_int=\count309
\l__siunitx_process_precision_int=\count310
\l__siunitx_group_min_int=\count311
\l__siunitx_angle_marker_box=\box62
\l__siunitx_angle_unit_box=\box63
\l__siunitx_angle_marker_dim=\dimen178
\l__siunitx_angle_unit_dim=\dimen179
\l__siunitx_unit_int=\count312
\l__siunitx_unit_denominator_int=\count313
\l__siunitx_unit_numerator_int=\count314
\l__siunitx_unit_prefix_int=\count315
\l__siunitx_unit_prefix_base_int=\count316
\l__siunitx_unit_prefix_gram_int=\count317
\l__siunitx_number_product_int=\count318
\c__siunitx_one_fill_skip=\skip59
\l__siunitx_table_unit_align_skip=\skip60
\l__siunitx_table_exponent_dim=\dimen180
\l__siunitx_table_integer_dim=\dimen181
\l__siunitx_table_mantissa_dim=\dimen182
\l__siunitx_table_marker_dim=\dimen183
\l__siunitx_table_result_dim=\dimen184
\l__siunitx_table_uncert_dim=\dimen185
\l__siunitx_table_fill_pre_dim=\dimen186
\l__siunitx_table_fill_post_dim=\dimen187
\l__siunitx_table_fill_mid_dim=\dimen188
\l__siunitx_table_pre_box=\box64
\l__siunitx_table_post_box=\box65
\l__siunitx_table_mantissa_box=\box66
\l__siunitx_table_result_box=\box67
\l__siunitx_table_number_align_skip=\skip61
\l__siunitx_table_text_align_skip=\skip62

("C:\Program Files\MiKTeX 2.9\tex/latex/translator\translator.sty"
Package: translator 2019-05-31 v1.12a Easy translation of strings in LaTeX
))
("C:\Program Files\MiKTeX 2.9\tex/latex/units\units.sty"
Package: units 1998/08/04 v0.9b Typesetting units

("C:\Program Files\MiKTeX 2.9\tex/latex/units\nicefrac.sty"
Package: nicefrac 1998/08/04 v0.9b Nice fractions
\L@UnitsRaiseDisplaystyle=\skip63
\L@UnitsRaiseTextstyle=\skip64
\L@UnitsRaiseScriptstyle=\skip65
LaTeX Info: Redefining \nicefrac on input line 131.
))
("C:\Program Files\MiKTeX 2.9\tex/latex/amsfonts\amssymb.sty"
Package: amssymb 2013/01/14 v3.01 AMS font symbols

("C:\Program Files\MiKTeX 2.9\tex/latex/amsfonts\amsfonts.sty"
Package: amsfonts 2013/01/14 v3.01 Basic AMSFonts support
\symAMSa=\mathgroup4
\symAMSb=\mathgroup5
LaTeX Font Info:    Redeclaring math symbol \hbar on input line 98.
LaTeX Font Info:    Overwriting math alphabet `\mathfrak' in version `bold'
(Font)                  U/euf/m/n --> U/euf/b/n on input line 106.
))
("C:\Program Files\MiKTeX 2.9\tex/latex/caption\caption.sty"
Package: caption 2020/05/30 v3.4k Customizing captions (AR)

("C:\Program Files\MiKTeX 2.9\tex/latex/caption\caption3.sty"
Package: caption3 2020/05/30 v1.12 caption3 kernel (AR)
Package caption3 Info: TeX engine: e-TeX on input line 61.
\captionmargin=\dimen189
\captionmargin@=\dimen190
\captionwidth=\dimen191
\caption@tempdima=\dimen192
\caption@indent=\dimen193
\caption@parindent=\dimen194
\caption@hangindent=\dimen195
Package caption Info: Standard document class detected.
)
\c@caption@flags=\count319
\c@continuedfloat=\count320
Package caption Info: float package is loaded.
Package caption Info: listings package is loaded.
)
("C:\Program Files\MiKTeX 2.9\tex/latex/multirow\multirow.sty"
Package: multirow 2019/05/31 v2.5 Span multiple rows of a table
\multirow@colwidth=\skip66
\multirow@cntb=\count321
\multirow@dima=\skip67
\bigstrutjot=\dimen196
)
("C:\Program Files\MiKTeX 2.9\tex/latex/amsfonts\euscript.sty"
Package: euscript 2009/06/22 v3.00 Euler Script fonts
LaTeX Font Info:    Overwriting math alphabet `\EuScript' in version `bold'
(Font)                  U/eus/m/n --> U/eus/b/n on input line 33.
)
("C:\Program Files\MiKTeX 2.9\tex/latex/xcolor\xcolor.sty"
Package: xcolor 2016/05/11 v2.12 LaTeX color extensions (UK)

("C:\Program Files\MiKTeX 2.9\tex/latex/graphics-cfg\color.cfg"
File: color.cfg 2016/01/02 v1.6 sample color configuration
)
Package xcolor Info: Driver file: pdftex.def on input line 225.
Package xcolor Info: Model `cmy' substituted by `cmy0' on input line 1348.
Package xcolor Info: Model `hsb' substituted by `rgb' on input line 1352.
Package xcolor Info: Model `RGB' extended on input line 1364.
Package xcolor Info: Model `HTML' substituted by `rgb' on input line 1366.
Package xcolor Info: Model `Hsb' substituted by `hsb' on input line 1367.
Package xcolor Info: Model `tHsb' substituted by `hsb' on input line 1368.
Package xcolor Info: Model `HSB' substituted by `hsb' on input line 1369.
Package xcolor Info: Model `Gray' substituted by `gray' on input line 1370.
Package xcolor Info: Model `wave' substituted by `hsb' on input line 1371.
)
("C:\Program Files\MiKTeX 2.9\tex/latex/mdframed\mdframed.sty"
Package: mdframed 2013/07/01 1.9b: mdframed

("C:\Program Files\MiKTeX 2.9\tex/latex/zref\zref-abspage.sty"
Package: zref-abspage 2020-05-28 v2.31 Module abspage for zref (HO)

("C:\Program Files\MiKTeX 2.9\tex/latex/zref\zref-base.sty"
Package: zref-base 2020-05-28 v2.31 Module base for zref (HO)

("C:\Program Files\MiKTeX 2.9\tex/generic/kvdefinekeys\kvdefinekeys.sty"
Package: kvdefinekeys 2019-12-19 v1.6 Define keys (HO)
)
("C:\Program Files\MiKTeX 2.9\tex/latex/auxhook\auxhook.sty"
Package: auxhook 2019-12-17 v1.6 Hooks for auxiliary files (HO)
)
Package zref Info: New property list: main on input line 763.
Package zref Info: New property: default on input line 764.
Package zref Info: New property: page on input line 765.
)
("C:\Program Files\MiKTeX 2.9\tex/generic/atbegshi\atbegshi.sty"
Package: atbegshi 2019/12/05 v1.19 At begin shipout hook (HO)
)
\c@abspage=\count322
Package zref Info: New property: abspage on input line 66.
)
("C:\Program Files\MiKTeX 2.9\tex/latex/needspace\needspace.sty"
Package: needspace 2010/09/12 v1.3d reserve vertical space
)
\mdf@templength=\skip68
\c@mdf@globalstyle@cnt=\count323
\mdf@skipabove@length=\skip69
\mdf@skipbelow@length=\skip70
\mdf@leftmargin@length=\skip71
\mdf@rightmargin@length=\skip72
\mdf@innerleftmargin@length=\skip73
\mdf@innerrightmargin@length=\skip74
\mdf@innertopmargin@length=\skip75
\mdf@innerbottommargin@length=\skip76
\mdf@splittopskip@length=\skip77
\mdf@splitbottomskip@length=\skip78
\mdf@outermargin@length=\skip79
\mdf@innermargin@length=\skip80
\mdf@linewidth@length=\skip81
\mdf@innerlinewidth@length=\skip82
\mdf@middlelinewidth@length=\skip83
\mdf@outerlinewidth@length=\skip84
\mdf@roundcorner@length=\skip85
\mdf@footenotedistance@length=\skip86
\mdf@userdefinedwidth@length=\skip87
\mdf@needspace@length=\skip88
\mdf@frametitleaboveskip@length=\skip89
\mdf@frametitlebelowskip@length=\skip90
\mdf@frametitlerulewidth@length=\skip91
\mdf@frametitleleftmargin@length=\skip92
\mdf@frametitlerightmargin@length=\skip93
\mdf@shadowsize@length=\skip94
\mdf@extratopheight@length=\skip95
\mdf@subtitleabovelinewidth@length=\skip96
\mdf@subtitlebelowlinewidth@length=\skip97
\mdf@subtitleaboveskip@length=\skip98
\mdf@subtitlebelowskip@length=\skip99
\mdf@subtitleinneraboveskip@length=\skip100
\mdf@subtitleinnerbelowskip@length=\skip101
\mdf@subsubtitleabovelinewidth@length=\skip102
\mdf@subsubtitlebelowlinewidth@length=\skip103
\mdf@subsubtitleaboveskip@length=\skip104
\mdf@subsubtitlebelowskip@length=\skip105
\mdf@subsubtitleinneraboveskip@length=\skip106
\mdf@subsubtitleinnerbelowskip@length=\skip107

("C:\Program Files\MiKTeX 2.9\tex/latex/mdframed\md-frame-0.mdf"
File: md-frame-0.mdf 2013/07/01\ 1.9b: md-frame-0
)
\mdf@frametitlebox=\box68
\mdf@footnotebox=\box69
\mdf@splitbox@one=\box70
\mdf@splitbox@two=\box71
\mdf@splitbox@save=\box72
\mdfsplitboxwidth=\skip108
\mdfsplitboxtotalwidth=\skip109
\mdfsplitboxheight=\skip110
\mdfsplitboxdepth=\skip111
\mdfsplitboxtotalheight=\skip112
\mdfframetitleboxwidth=\skip113
\mdfframetitleboxtotalwidth=\skip114
\mdfframetitleboxheight=\skip115
\mdfframetitleboxdepth=\skip116
\mdfframetitleboxtotalheight=\skip117
\mdffootnoteboxwidth=\skip118
\mdffootnoteboxtotalwidth=\skip119
\mdffootnoteboxheight=\skip120
\mdffootnoteboxdepth=\skip121
\mdffootnoteboxtotalheight=\skip122
\mdftotallinewidth=\skip123
\mdfboundingboxwidth=\skip124
\mdfboundingboxtotalwidth=\skip125
\mdfboundingboxheight=\skip126
\mdfboundingboxdepth=\skip127
\mdfboundingboxtotalheight=\skip128
\mdf@freevspace@length=\skip129
\mdf@horizontalwidthofbox@length=\skip130
\mdf@verticalmarginwhole@length=\skip131
\mdf@horizontalspaceofbox=\skip132
\mdfsubtitleheight=\skip133
\mdfsubsubtitleheight=\skip134
\c@mdfcountframes=\count324

****** mdframed patching \endmdf@trivlist

****** -- success******

\mdf@envdepth=\count325
\c@mdf@env@i=\count326
\c@mdf@env@ii=\count327
\c@mdf@zref@counter=\count328
Package zref Info: New property: mdf@pagevalue on input line 895.
)
("C:\Program Files\MiKTeX 2.9\tex/latex/imakeidx\imakeidx.sty"
Package: imakeidx 2016/10/15 v1.3e Package for typesetting indices in a synchro
nous mode

("C:\Program Files\MiKTeX 2.9\tex/latex/xkeyval\xkeyval.sty"
Package: xkeyval 2014/12/03 v2.7a package option processing (HA)

("C:\Program Files\MiKTeX 2.9\tex/generic/xkeyval\xkeyval.tex"
("C:\Program Files\MiKTeX 2.9\tex/generic/xkeyval\xkvutils.tex"
\XKV@toks=\toks30
\XKV@tempa@toks=\toks31
)
\XKV@depth=\count329
File: xkeyval.tex 2014/12/03 v2.7a key=value parser (HA)
))
("C:\Program Files\MiKTeX 2.9\tex/generic/iftex\ifxetex.sty"
Package: ifxetex 2019/10/25 v0.7 ifxetex legacy package. Use iftex instead.
)
("C:\Program Files\MiKTeX 2.9\tex/latex/tools\multicol.sty"
Package: multicol 2019/12/09 v1.8y multicolumn formatting (FMi)
\c@tracingmulticols=\count330
\mult@box=\box73
\multicol@leftmargin=\dimen197
\c@unbalance=\count331
\c@collectmore=\count332
\doublecol@number=\count333
\multicoltolerance=\count334
\multicolpretolerance=\count335
\full@width=\dimen198
\page@free=\dimen199
\premulticols=\dimen256
\postmulticols=\dimen257
\multicolsep=\skip135
\multicolbaselineskip=\skip136
\partial@page=\box74
\last@line=\box75
\maxbalancingoverflow=\dimen258
\mult@rightbox=\box76
\mult@grightbox=\box77
\mult@gfirstbox=\box78
\mult@firstbox=\box79
\@tempa=\box80
\@tempa=\box81
\@tempa=\box82
\@tempa=\box83
\@tempa=\box84
\@tempa=\box85
\@tempa=\box86
\@tempa=\box87
\@tempa=\box88
\@tempa=\box89
\@tempa=\box90
\@tempa=\box91
\@tempa=\box92
\@tempa=\box93
\@tempa=\box94
\@tempa=\box95
\@tempa=\box96
\@tempa=\box97
\@tempa=\box98
\@tempa=\box99
\@tempa=\box100
\@tempa=\box101
\@tempa=\box102
\@tempa=\box103
\@tempa=\box104
\@tempa=\box105
\@tempa=\box106
\@tempa=\box107
\@tempa=\box108
\@tempa=\box109
\@tempa=\box110
\@tempa=\box111
\@tempa=\box112
\@tempa=\box113
\@tempa=\box114
\@tempa=\box115
\@tempa=\box116
\c@minrows=\count336
\c@columnbadness=\count337
\c@finalcolumnbadness=\count338
\last@try=\dimen259
\multicolovershoot=\dimen260
\multicolundershoot=\dimen261
\mult@nat@firstbox=\box117
\colbreak@box=\box118
\mc@col@check@num=\count339
))
("C:\Program Files\MiKTeX 2.9\tex/latex/varwidth\varwidth.sty"
Package: varwidth 2009/03/30 ver 0.92;  Variable-width minipages
\@vwid@box=\box119
\sift@deathcycles=\count340
\@vwid@loff=\dimen262
\@vwid@roff=\dimen263
)
\chap1-2@idxfile=\write5
\openout5 = `chap1-2.idx'.


Writing index file chap1-2.idx
runsystem(for ^%i in (pygmentize.exe pygmentize.bat pygmentize.cmd) do set > ch
ap1-2.aex <nul: /p x=^%~$PATH:i>> chap1-2.aex)...executed.

runsystem(del chap1-2.aex)...executed.

(chap1-2.aux

LaTeX Warning: Label `pyshell:opsIntroSubtract' multiply defined.


LaTeX Warning: Label `pyshell:opsIntroSubtract' multiply defined.

)
\openout1 = `chap1-2.aux'.

LaTeX Font Info:    Checking defaults for OML/cmm/m/it on input line 192.
LaTeX Font Info:    ... okay on input line 192.
LaTeX Font Info:    Checking defaults for OMS/cmsy/m/n on input line 192.
LaTeX Font Info:    ... okay on input line 192.
LaTeX Font Info:    Checking defaults for OT1/cmr/m/n on input line 192.
LaTeX Font Info:    ... okay on input line 192.
LaTeX Font Info:    Checking defaults for T1/cmr/m/n on input line 192.
LaTeX Font Info:    ... okay on input line 192.
LaTeX Font Info:    Checking defaults for TS1/cmr/m/n on input line 192.
LaTeX Font Info:    ... okay on input line 192.
LaTeX Font Info:    Checking defaults for OMX/cmex/m/n on input line 192.
LaTeX Font Info:    ... okay on input line 192.
LaTeX Font Info:    Checking defaults for U/cmr/m/n on input line 192.
LaTeX Font Info:    ... okay on input line 192.
 ("C:\Program Files\MiKTeX 2.9\tex/latex/base\textcomp.sty"
Package: textcomp 2020/02/02 v2.0n Standard LaTeX package
)
\c@lstlisting=\count341

("C:\Program Files\MiKTeX 2.9\tex/context/base/mkii\supp-pdf.mkii"
[Loading MPS to PDF converter (version 2006.09.02).]
\scratchcounter=\count342
\scratchdimen=\dimen264
\scratchbox=\box120
\nofMPsegments=\count343
\nofMParguments=\count344
\everyMPshowfont=\toks32
\MPscratchCnt=\count345
\MPscratchDim=\dimen265
\MPnumerator=\count346
\makeMPintoPDFobject=\count347
\everyMPtoPDFconversion=\toks33
) ("C:\Program Files\MiKTeX 2.9\tex/latex/epstopdf-pkg\epstopdf-base.sty"
Package: epstopdf-base 2020-01-24 v2.11 Base part for package epstopdf
Package epstopdf-base Info: Redefining graphics rule for `.eps' on input line 4
85.
)
*geometry* driver: auto-detecting
*geometry* detected driver: pdftex
*geometry* verbose mode - [ preamble ] result:
* driver: pdftex
* paper: <default>
* layout: <same size as paper>
* layoutoffset:(h,v)=(0.0pt,0.0pt)
* modes: twoside 
* h-part:(L,W,R)=(72.26999pt, 469.75502pt, 72.26999pt)
* v-part:(T,H,B)=(72.26999pt, 650.43001pt, 72.26999pt)
* \paperwidth=614.295pt
* \paperheight=794.96999pt
* \textwidth=469.75502pt
* \textheight=650.43001pt
* \oddsidemargin=0.0pt
* \evensidemargin=0.0pt
* \topmargin=-30.06749pt
* \headheight=12.0pt
* \headsep=18.06749pt
* \topskip=10.0pt
* \footskip=25.29494pt
* \marginparwidth=125.0pt
* \marginparsep=7.0pt
* \columnsep=10.0pt
* \skip\footins=9.0pt plus 4.0pt minus 2.0pt
* \hoffset=0.0pt
* \voffset=0.0pt
* \mag=1000
* \@twocolumnfalse
* \@twosidetrue
* \@mparswitchtrue
* \@reversemarginfalse
* (1in=72.27pt=25.4mm, 1cm=28.453pt)


("C:\Program Files\MiKTeX 2.9\tex/latex/translator\translator-basic-dictionary-
English.dict"
Dictionary: translator-basic-dictionary, Language: English 
)
("C:\Program Files\MiKTeX 2.9\tex/latex/siunitx\siunitx-abbreviations.cfg"
File: siunitx-abbreviations.cfg 2017/11/26 v2.7k siunitx: Abbreviated units
)
Package caption Info: Begin \AtBeginDocument code.
Package caption Info: End \AtBeginDocument code.
\AtBeginShipoutBox=\box121
LaTeX Font Info:    Trying to load font information for U+msa on input line 192
.

("C:\Program Files\MiKTeX 2.9\tex/latex/amsfonts\umsa.fd"
File: umsa.fd 2013/01/14 v3.01 AMS symbols A
)
LaTeX Font Info:    Trying to load font information for U+msb on input line 192
.

("C:\Program Files\MiKTeX 2.9\tex/latex/amsfonts\umsb.fd"
File: umsb.fd 2013/01/14 v3.01 AMS symbols B
) [1


{C:/Users/danda/AppData/Local/MiKTeX/2.9/pdftex/config/pdftex.map}] [2

] (chap1-2.toc)
\tf@toc=\write6
\openout6 = `chap1-2.toc'.

 [3]
[4

]
Chapter 1.
Package mdframed Info: mdframed works in twoside mode on input line 213.
runsystem(pygmentize -S default -f latex -P commandprefix=PYG > chap1-2.out.pyg
)...executed.

(chap1-2.out.pyg)
runsystem(pygmentize -S autumn -f latex -P commandprefix=PYGautumn > chap1-2.ou
t.pyg)...executed.

 (chap1-2.out.pyg)
runsystem(pygmentize -l python -f latex -P commandprefix=PYG -F tokenmerge -o c
hap1-2.out.pyg ../../../docCode/chapter1/helloWorld.py)...executed.

 (chap1-2.out.pyg)
Package mdframed Info: mdframed inside float 
 mdframed uses option nobreak mdframed on input line 213.
Package mdframed Info: mdframed inside a box 
 mdframed uses option nobreak mdframed on input line 213.
Package mdframed Info: mdframed works in twoside mode on input line 219.

(../../../docCode/chapter1/helloWorld.txt
LaTeX Font Info:    Trying to load font information for TS1+cmtt on input line 
1.

("C:\Program Files\MiKTeX 2.9\tex/latex/base\ts1cmtt.fd"
File: ts1cmtt.fd 2019/12/16 v2.5j Standard LaTeX font definitions
))
Package mdframed Info: mdframed inside float 
 mdframed uses option nobreak mdframed on input line 219.
Package mdframed Info: mdframed inside a box 
 mdframed uses option nobreak mdframed on input line 219.
 [5]
Package mdframed Info: mdframed works in twoside mode on input line 235.
runsystem(pygmentize -l python -f latex -P commandprefix=PYG -F tokenmerge -o c
hap1-2.out.pyg ../../../docCode/chapter1/helloWorldMainNoName.py)...executed.

 (chap1-2.out.pyg)
Package mdframed Info: mdframed inside float 
 mdframed uses option nobreak mdframed on input line 235.
Package mdframed Info: mdframed inside a box 
 mdframed uses option nobreak mdframed on input line 235.
Package mdframed Info: mdframed works in twoside mode on input line 247.
runsystem(pygmentize -l python -f latex -P commandprefix=PYG -F tokenmerge -o c
hap1-2.out.pyg ../../../docCode/chapter1/helloWorldMain.py)...executed.

 (chap1-2.out.pyg)
Package mdframed Info: mdframed inside float 
 mdframed uses option nobreak mdframed on input line 247.
Package mdframed Info: mdframed inside a box 
 mdframed uses option nobreak mdframed on input line 247.
Package mdframed Info: mdframed works in twoside mode on input line 253.
 (../../../docCode/chapter1/helloWorldMain.txt)
Package mdframed Info: mdframed inside float 
 mdframed uses option nobreak mdframed on input line 253.
Package mdframed Info: mdframed inside a box 
 mdframed uses option nobreak mdframed on input line 253.
 [6] [7]
[8

]
Chapter 2.
Package mdframed Info: mdframed works in twoside mode on input line 288.
\openout3 = `chap1-2.pyg'.

runsystem(pygmentize -l python -f latex -P commandprefix=PYG -F tokenmerge -o c
hap1-2.out.pyg chap1-2.pyg)...executed.

(chap1-2.out.pyg)
Package mdframed Info: mdframed inside float 
 mdframed uses option nobreak mdframed on input line 293.
Package mdframed Info: mdframed inside a box 
 mdframed uses option nobreak mdframed on input line 293.
LaTeX Font Info:    Font shape `OT1/cmtt/bx/n' in size <10> not available
(Font)              Font shape `OT1/cmtt/m/n' tried instead on input line 299.
Package mdframed Info: mdframed works in twoside mode on input line 303.
\openout3 = `chap1-2.pyg'.

runsystem(pygmentize -l python -f latex -P commandprefix=PYG -F tokenmerge -o c
hap1-2.out.pyg chap1-2.pyg)...executed.

 (chap1-2.out.pyg)
Package mdframed Info: mdframed inside float 
 mdframed uses option nobreak mdframed on input line 309.
Package mdframed Info: mdframed inside a box 
 mdframed uses option nobreak mdframed on input line 309.
 [9]
Package mdframed Info: mdframed works in twoside mode on input line 333.
runsystem(pygmentize -l python -f latex -P commandprefix=PYG -F tokenmerge -o c
hap1-2.out.pyg ../../../docCode/chapter2/section1/opsIntro.py)...executed.

 (chap1-2.out.pyg)
Package mdframed Info: mdframed inside float 
 mdframed uses option nobreak mdframed on input line 333.
Package mdframed Info: mdframed inside a box 
 mdframed uses option nobreak mdframed on input line 333.
Package mdframed Info: mdframed works in twoside mode on input line 333.

(../../../docCode/chapter2/section1/opsIntro.txt)
Package mdframed Info: mdframed inside float 
 mdframed uses option nobreak mdframed on input line 333.
Package mdframed Info: mdframed inside a box 
 mdframed uses option nobreak mdframed on input line 333.
Package mdframed Info: mdframed works in twoside mode on input line 340.
runsystem(pygmentize -l python -f latex -P commandprefix=PYG -F tokenmerge -o c
hap1-2.out.pyg ../../../docCode/chapter2/section1/opsIntro.py)...executed.

 (chap1-2.out.pyg)
Package mdframed Info: mdframed inside float 
 mdframed uses option nobreak mdframed on input line 340.
Package mdframed Info: mdframed inside a box 
 mdframed uses option nobreak mdframed on input line 340.
Package mdframed Info: mdframed works in twoside mode on input line 340.

(../../../docCode/chapter2/section1/opsIntro.txt
consecutive:
)
Package mdframed Info: mdframed inside float 
 mdframed uses option nobreak mdframed on input line 340.
Package mdframed Info: mdframed inside a box 
 mdframed uses option nobreak mdframed on input line 340.
Package mdframed Info: mdframed works in twoside mode on input line 347.
runsystem(pygmentize -l python -f latex -P commandprefix=PYG -F tokenmerge -o c
hap1-2.out.pyg ../../../docCode/chapter2/section1/opsIntro.py)...executed.

 (chap1-2.out.pyg)
Package mdframed Info: mdframed inside float 
 mdframed uses option nobreak mdframed on input line 347.
Package mdframed Info: mdframed inside a box 
 mdframed uses option nobreak mdframed on input line 347.
Package mdframed Info: mdframed works in twoside mode on input line 347.
 (../../../docCode/chapter2/section1/opsIntro.txt
consecutive:
)
Package mdframed Info: mdframed inside float 
 mdframed uses option nobreak mdframed on input line 347.
Package mdframed Info: mdframed inside a box 
 mdframed uses option nobreak mdframed on input line 347.
Package mdframed Info: mdframed works in twoside mode on input line 354.
runsystem(pygmentize -l python -f latex -P commandprefix=PYG -F tokenmerge -o c
hap1-2.out.pyg ../../../docCode/chapter2/section1/opsIntro.py)...executed.

 (chap1-2.out.pyg)
Package mdframed Info: mdframed inside float 
 mdframed uses option nobreak mdframed on input line 354.
Package mdframed Info: mdframed inside a box 
 mdframed uses option nobreak mdframed on input line 354.
Package mdframed Info: mdframed works in twoside mode on input line 354.
 (../../../docCode/chapter2/section1/opsIntro.txt
consecutive:
)
Package mdframed Info: mdframed inside float 
 mdframed uses option nobreak mdframed on input line 354.
Package mdframed Info: mdframed inside a box 
 mdframed uses option nobreak mdframed on input line 354.


LaTeX Warning: Reference `code:opsIntro' on page 10 undefined on input line 362
.

[10]

LaTeX Warning: Reference `code:opsIntro' on page 11 undefined on input line 364
.


LaTeX Warning: Reference `code:opsIntro' on page 11 undefined on input line 365
.


Underfull \vbox (badness 1348) has occurred while \output is active []

 [11]
Package mdframed Info: mdframed works in twoside mode on input line 390.
\openout3 = `chap1-2.pyg'.

runsystem(pygmentize -l python -f latex -P commandprefix=PYG -F tokenmerge -o c
hap1-2.out.pyg chap1-2.pyg)...executed.


(chap1-2.out.pyg)
Package mdframed Info: mdframed inside float 
 mdframed uses option nobreak mdframed on input line 397.
Package mdframed Info: mdframed inside a box 
 mdframed uses option nobreak mdframed on input line 397.
LaTeX Font Info:    Font shape `OT1/cmtt/bx/n' in size <12> not available
(Font)              Font shape `OT1/cmtt/m/n' tried instead on input line 407.


LaTeX Warning: Reference `code:printIntro-multi' on page 12 undefined on input 
line 409.


LaTeX Warning: Reference `shell:printIntro-multi' on page 12 undefined on input
 line 409.

[12]
Package mdframed Info: mdframed works in twoside mode on input line 427.
runsystem(pygmentize -l python -f latex -P commandprefix=PYG -F tokenmerge -o c
hap1-2.out.pyg ../../../docCode/chapter2/section2/printIntro.py)...executed.

 (chap1-2.out.pyg)
Package mdframed Info: mdframed inside float 
 mdframed uses option nobreak mdframed on input line 427.
Package mdframed Info: mdframed inside a box 
 mdframed uses option nobreak mdframed on input line 427.
Package mdframed Info: mdframed works in twoside mode on input line 427.
 (../../../docCode/chapter2/section2/printIntro.txt)
Package mdframed Info: mdframed inside float 
 mdframed uses option nobreak mdframed on input line 427.
Package mdframed Info: mdframed inside a box 
 mdframed uses option nobreak mdframed on input line 427.
\openout4 = `chap1-2.pyg'.

runsystem(pygmentize -l python -f latex -P commandprefix=PYG -F tokenmerge -o c
hap1-2.out.pyg chap1-2.pyg)...executed.


(chap1-2.out.pyg)

LaTeX Warning: Reference `code:printIntro-end0' on page 13 undefined on input l
ine 431.


LaTeX Warning: Reference `shell:printIntro-end0' on page 13 undefined on input 
line 431.

Package mdframed Info: mdframed works in twoside mode on input line 448.
runsystem(pygmentize -l python -f latex -P commandprefix=PYG -F tokenmerge -o c
hap1-2.out.pyg ../../../docCode/chapter2/section2/printIntro.py)...executed.

(chap1-2.out.pyg)
Package mdframed Info: mdframed inside float 
 mdframed uses option nobreak mdframed on input line 448.
Package mdframed Info: mdframed inside a box 
 mdframed uses option nobreak mdframed on input line 448.
Package mdframed Info: mdframed works in twoside mode on input line 448.
 (../../../docCode/chapter2/section2/printIntro.txt
consecutive:
)
Package mdframed Info: mdframed inside float 
 mdframed uses option nobreak mdframed on input line 448.
Package mdframed Info: mdframed inside a box 
 mdframed uses option nobreak mdframed on input line 448.


LaTeX Warning: Reference `code:printIntro-end0' on page 13 undefined on input l
ine 450.


LaTeX Warning: Reference `shell:printIntro-end0' on page 13 undefined on input 
line 450.


LaTeX Warning: Reference `code:printIntro-end0' on page 13 undefined on input l
ine 450.


LaTeX Warning: Reference `code:printIntro-concat' on page 13 undefined on input
 line 454.


LaTeX Warning: Reference `shell:printIntro-concat' on page 13 undefined on inpu
t line 454.

Package mdframed Info: mdframed works in twoside mode on input line 471.
runsystem(pygmentize -l python -f latex -P commandprefix=PYG -F tokenmerge -o c
hap1-2.out.pyg ../../../docCode/chapter2/section2/printIntro.py)...executed.

(chap1-2.out.pyg)
Package mdframed Info: mdframed inside float 
 mdframed uses option nobreak mdframed on input line 471.
Package mdframed Info: mdframed inside a box 
 mdframed uses option nobreak mdframed on input line 471.
Package mdframed Info: mdframed works in twoside mode on input line 471.
 (../../../docCode/chapter2/section2/printIntro.txt
consecutive:
)
Package mdframed Info: mdframed inside float 
 mdframed uses option nobreak mdframed on input line 471.
Package mdframed Info: mdframed inside a box 
 mdframed uses option nobreak mdframed on input line 471.


LaTeX Warning: Reference `code:printIntro-sep' on page 13 undefined on input li
ne 475.


LaTeX Warning: Reference `shell:printIntro-sep' on page 13 undefined on input l
ine 475.

[13]
Package mdframed Info: mdframed works in twoside mode on input line 492.
runsystem(pygmentize -l python -f latex -P commandprefix=PYG -F tokenmerge -o c
hap1-2.out.pyg ../../../docCode/chapter2/section2/printIntro.py)...executed.

 (chap1-2.out.pyg)
Package mdframed Info: mdframed inside float 
 mdframed uses option nobreak mdframed on input line 492.
Package mdframed Info: mdframed inside a box 
 mdframed uses option nobreak mdframed on input line 492.
Package mdframed Info: mdframed works in twoside mode on input line 492.
 (../../../docCode/chapter2/section2/printIntro.txt
consecutive:
)
Package mdframed Info: mdframed inside float 
 mdframed uses option nobreak mdframed on input line 492.
Package mdframed Info: mdframed inside a box 
 mdframed uses option nobreak mdframed on input line 492.
\openout4 = `chap1-2.pyg'.

runsystem(pygmentize -l python -f latex -P commandprefix=PYG -F tokenmerge -o c
hap1-2.out.pyg chap1-2.pyg)...executed.

 (chap1-2.out.pyg)
\openout4 = `chap1-2.pyg'.

runsystem(pygmentize -l python -f latex -P commandprefix=PYG -F tokenmerge -o c
hap1-2.out.pyg chap1-2.pyg)...executed.

 (chap1-2.out.pyg)

LaTeX Warning: Reference `code:printIntro-quotes' on page 14 undefined on input
 line 494.


LaTeX Warning: Reference `shell:printIntro-quotes' on page 14 undefined on inpu
t line 494.

Package mdframed Info: mdframed works in twoside mode on input line 511.
runsystem(pygmentize -l python -f latex -P commandprefix=PYG -F tokenmerge -o c
hap1-2.out.pyg ../../../docCode/chapter2/section2/printIntro.py)...executed.

(chap1-2.out.pyg)
Package mdframed Info: mdframed inside float 
 mdframed uses option nobreak mdframed on input line 511.
Package mdframed Info: mdframed inside a box 
 mdframed uses option nobreak mdframed on input line 511.
Package mdframed Info: mdframed works in twoside mode on input line 511.
 (../../../docCode/chapter2/section2/printIntro.txt
consecutive:
)
Package mdframed Info: mdframed inside float 
 mdframed uses option nobreak mdframed on input line 511.
Package mdframed Info: mdframed inside a box 
 mdframed uses option nobreak mdframed on input line 511.


LaTeX Warning: Reference `code:escapeChars-intro' on page 14 undefined on input
 line 526.


LaTeX Warning: Reference `shell:escapeChars-intro' on page 14 undefined on inpu
t line 526.


LaTeX Warning: Reference `code:printIntro-quotes' on page 14 undefined on input
 line 526.


Underfull \vbox (badness 1048) has occurred while \output is active []

 [14]
Package mdframed Info: mdframed works in twoside mode on input line 543.
runsystem(pygmentize -l python -f latex -P commandprefix=PYG -F tokenmerge -o c
hap1-2.out.pyg ../../../docCode/chapter2/section2/printIntroEscapes.py)...execu
ted.


(chap1-2.out.pyg)
Package mdframed Info: mdframed inside float 
 mdframed uses option nobreak mdframed on input line 543.
Package mdframed Info: mdframed inside a box 
 mdframed uses option nobreak mdframed on input line 543.
Package mdframed Info: mdframed works in twoside mode on input line 543.
 (../../../docCode/chapter2/section2/printIntroEscapes.txt)
Package mdframed Info: mdframed inside float 
 mdframed uses option nobreak mdframed on input line 543.
Package mdframed Info: mdframed inside a box 
 mdframed uses option nobreak mdframed on input line 543.


LaTeX Warning: Reference `code:escapeChars-newline' on page 15 undefined on inp
ut line 545.


LaTeX Warning: Reference `shell:escapeChars-newline' on page 15 undefined on in
put line 545.

Package mdframed Info: mdframed works in twoside mode on input line 562.
runsystem(pygmentize -l python -f latex -P commandprefix=PYG -F tokenmerge -o c
hap1-2.out.pyg ../../../docCode/chapter2/section2/printIntroEscapes.py)...execu
ted.

(chap1-2.out.pyg)
Package mdframed Info: mdframed inside float 
 mdframed uses option nobreak mdframed on input line 562.
Package mdframed Info: mdframed inside a box 
 mdframed uses option nobreak mdframed on input line 562.
Package mdframed Info: mdframed works in twoside mode on input line 562.
 (../../../docCode/chapter2/section2/printIntroEscapes.txt
consecutive:
)
Package mdframed Info: mdframed inside float 
 mdframed uses option nobreak mdframed on input line 562.
Package mdframed Info: mdframed inside a box 
 mdframed uses option nobreak mdframed on input line 562.


LaTeX Warning: Reference `code:escapeChars-printPars' on page 15 undefined on i
nput line 564.


LaTeX Warning: Reference `shell:escapeChars-printPars' on page 15 undefined on 
input line 564.

Package mdframed Info: mdframed works in twoside mode on input line 581.
runsystem(pygmentize -l python -f latex -P commandprefix=PYG -F tokenmerge -o c
hap1-2.out.pyg ../../../docCode/chapter2/section2/printIntroEscapes.py)...execu
ted.

(chap1-2.out.pyg)
Package mdframed Info: mdframed inside float 
 mdframed uses option nobreak mdframed on input line 581.
Package mdframed Info: mdframed inside a box 
 mdframed uses option nobreak mdframed on input line 581.
Package mdframed Info: mdframed works in twoside mode on input line 581.
 (../../../docCode/chapter2/section2/printIntroEscapes.txt
consecutive:
)
Package mdframed Info: mdframed inside float 
 mdframed uses option nobreak mdframed on input line 581.
Package mdframed Info: mdframed inside a box 
 mdframed uses option nobreak mdframed on input line 581.


LaTeX Warning: Reference `code:escapeChars-common' on page 15 undefined on inpu
t line 583.


LaTeX Warning: Reference `shell:escapeChars-common' on page 15 undefined on inp
ut line 583.

[15]
Package mdframed Info: mdframed works in twoside mode on input line 600.
runsystem(pygmentize -l python -f latex -P commandprefix=PYG -F tokenmerge -o c
hap1-2.out.pyg ../../../docCode/chapter2/section2/printIntroEscapes.py)...execu
ted.

 (chap1-2.out.pyg)
Package mdframed Info: mdframed inside float 
 mdframed uses option nobreak mdframed on input line 600.
Package mdframed Info: mdframed inside a box 
 mdframed uses option nobreak mdframed on input line 600.
Package mdframed Info: mdframed works in twoside mode on input line 600.

(../../../docCode/chapter2/section2/printIntroEscapes.txt
consecutive:
)
Package mdframed Info: mdframed inside float 
 mdframed uses option nobreak mdframed on input line 600.
Package mdframed Info: mdframed inside a box 
 mdframed uses option nobreak mdframed on input line 600.
 [16] [17] [18]
runsystem(makeindex chap1-2.idx)...executed (allowed).

 (chap1-2.ind) [19


] (chap1-2.aux)

LaTeX Warning: There were undefined references.


LaTeX Warning: There were multiply-defined labels.

runsystem(del chap1-2.pyg)...executed.

runsystem(del chap1-2.out.pyg)...executed.

 ) 
Here is how much of TeX's memory you used:
 14161 strings out of 481225
 269905 string characters out of 2914052
 600133 words of memory out of 3000000
 29400 multiletter control sequences out of 15000+200000
 548674 words of font info for 81 fonts, out of 3000000 for 9000
 1141 hyphenation exceptions out of 8191
 50i,9n,83p,1414b,1523s stack positions out of 5000i,500n,10000p,200000b,50000s
 <C:\Users\danda\AppData\Local\MiKTeX\2.9\fonts/pk/ljfour/jknappen/ec/dpi600\
tcrm1000.pk> <C:\Users\danda\AppData\Local\MiKTeX\2.9\fonts/pk/ljfour/jknappen/
ec/dpi600\tctt1000.pk><C:/Program Files/MiKTeX 2.9/fonts/type1/public/amsfonts/
cm/cmbx10.pfb><C:/Program Files/MiKTeX 2.9/fonts/type1/public/amsfonts/cm/cmbx1
2.pfb><C:/Program Files/MiKTeX 2.9/fonts/type1/public/amsfonts/cm/cmbxti10.pfb>
<C:/Program Files/MiKTeX 2.9/fonts/type1/public/amsfonts/cm/cmmi10.pfb><C:/Prog
ram Files/MiKTeX 2.9/fonts/type1/public/amsfonts/cm/cmr10.pfb><C:/Program Files
/MiKTeX 2.9/fonts/type1/public/amsfonts/cm/cmr12.pfb><C:/Program Files/MiKTeX 2
.9/fonts/type1/public/amsfonts/cm/cmr17.pfb><C:/Program Files/MiKTeX 2.9/fonts/
type1/public/amsfonts/cm/cmr5.pfb><C:/Program Files/MiKTeX 2.9/fonts/type1/publ
ic/amsfonts/cm/cmsl10.pfb><C:/Program Files/MiKTeX 2.9/fonts/type1/public/amsfo
nts/cm/cmsy10.pfb><C:/Program Files/MiKTeX 2.9/fonts/type1/public/amsfonts/cm/c
mti10.pfb><C:/Program Files/MiKTeX 2.9/fonts/type1/public/amsfonts/cm/cmtt10.pf
b><C:/Program Files/MiKTeX 2.9/fonts/type1/public/amsfonts/cm/cmtt12.pfb>
Output written on chap1-2.pdf (19 pages, 206713 bytes).
PDF statistics:
 127 PDF objects out of 1000 (max. 8388607)
 0 named destinations out of 1000 (max. 500000)
 1 words of extra memory for PDF output out of 10000 (max. 10000000)

